0 info it worked if it ends with ok
1 verbose cli [ '/home/hristiyan/.local/install/node/bin/node',
1 verbose cli   '/home/hristiyan/.local/install/node/bin/npm',
1 verbose cli   'start' ]
2 info using npm@3.10.10
3 info using node@v7.3.0
4 verbose stack Error: missing script: start
4 verbose stack     at run (/home/hristiyan/.local/install/node/lib/node_modules/npm/lib/run-script.js:151:19)
4 verbose stack     at /home/hristiyan/.local/install/node/lib/node_modules/npm/lib/run-script.js:61:5
4 verbose stack     at /home/hristiyan/.local/install/node/lib/node_modules/npm/node_modules/read-package-json/read-json.js:356:5
4 verbose stack     at checkBinReferences_ (/home/hristiyan/.local/install/node/lib/node_modules/npm/node_modules/read-package-json/read-json.js:320:45)
4 verbose stack     at final (/home/hristiyan/.local/install/node/lib/node_modules/npm/node_modules/read-package-json/read-json.js:354:3)
4 verbose stack     at then (/home/hristiyan/.local/install/node/lib/node_modules/npm/node_modules/read-package-json/read-json.js:124:5)
4 verbose stack     at /home/hristiyan/.local/install/node/lib/node_modules/npm/node_modules/read-package-json/read-json.js:311:12
4 verbose stack     at /home/hristiyan/.local/install/node/lib/node_modules/npm/node_modules/graceful-fs/graceful-fs.js:78:16
4 verbose stack     at tryToString (fs.js:425:3)
4 verbose stack     at FSReqWrap.readFileAfterClose [as oncomplete] (fs.js:412:12)
5 verbose cwd /home/hristiyan/GoogleKeepXGoogleKeep
6 error Linux 3.19.0-64-generic
7 error argv "/home/hristiyan/.local/install/node/bin/node" "/home/hristiyan/.local/install/node/bin/npm" "start"
8 error node v7.3.0
9 error npm  v3.10.10
10 error missing script: start
11 error If you need help, you may report this error at:
11 error     <https://github.com/npm/npm/issues>
12 verbose exit [ 1, true ]
